<?xml version="1.0" encoding="UTF-8"?>
<!-- Generated by org.testng.reporters.JUnitXMLReporter -->
<testsuite hostname="SHRI" ignored="0" name="Default test" tests="8" failures="0" timestamp="2023-03-15T13:37:35 IST" time="50.964" errors="0">
  <testcase name="LoginPageTest" time="3.056" classname="testscripts.PurchaseOrderTest"/>
  <testcase name="AddItemTest" time="7.298" classname="testscripts.PurchaseOrderTest"/>
  <testcase name="AddItemTest" time="6.982" classname="testscripts.PurchaseOrderTest"/>
  <testcase name="AddItemTest" time="8.677" classname="testscripts.PurchaseOrderTest"/>
  <testcase name="AddItemTest" time="8.497" classname="testscripts.PurchaseOrderTest"/>
  <testcase name="CartTest" time="1.739" classname="testscripts.PurchaseOrderTest"/>
  <testcase name="deleteItems" time="0.312" classname="testscripts.PurchaseOrderTest"/>
  <testcase name="PurchaseTest" time="6.25" classname="testscripts.PurchaseOrderTest"/>
</testsuite> <!-- Default test -->
